Analysis & Synthesis report for uart_top
Sat Jul 19 21:30:15 2025
Quartus Prime Version 23.1std.1 Build 993 05/14/2024 SC Lite Edition


---------------------
; Table of Contents ;
---------------------
  1. Legal Notice
  2. Analysis & Synthesis Summary
  3. Analysis & Synthesis Settings
  4. Parallel Compilation
  5. Analysis & Synthesis Source Files Read
  6. Analysis & Synthesis Resource Usage Summary
  7. Analysis & Synthesis Resource Utilization by Entity
  8. State Machine - |uart_top|uart_rx:rx_inst|CS
  9. State Machine - |uart_top|uart_tx:tx_inst|CS
 10. Registers Removed During Synthesis
 11. General Register Statistics
 12. Multiplexer Restructuring Statistics (Restructuring Performed)
 13. Parameter Settings for User Entity Instance: Top-level Entity: |uart_top
 14. Parameter Settings for User Entity Instance: baud_generator:baud_inst
 15. Parameter Settings for User Entity Instance: uart_tx:tx_inst
 16. Parameter Settings for User Entity Instance: uart_rx:rx_inst
 17. Post-Synthesis Netlist Statistics for Top Partition
 18. Elapsed Time Per Partition
 19. Analysis & Synthesis Messages



----------------
; Legal Notice ;
----------------
Copyright (C) 2024  Intel Corporation. All rights reserved.
Your use of Intel Corporation's design tools, logic functions 
and other software and tools, and any partner logic 
functions, and any output files from any of the foregoing 
(including device programming or simulation files), and any 
associated documentation or information are expressly subject 
to the terms and conditions of the Intel Program License 
Subscription Agreement, the Intel Quartus Prime License Agreement,
the Intel FPGA IP License Agreement, or other applicable license
agreement, including, without limitation, that your use is for
the sole purpose of programming logic devices manufactured by
Intel and sold by Intel or its authorized distributors.  Please
refer to the applicable agreement for further details, at
https://fpgasoftware.intel.com/eula.



+-------------------------------------------------------------------------------------+
; Analysis & Synthesis Summary                                                        ;
+------------------------------------+------------------------------------------------+
; Analysis & Synthesis Status        ; Successful - Sat Jul 19 21:30:15 2025          ;
; Quartus Prime Version              ; 23.1std.1 Build 993 05/14/2024 SC Lite Edition ;
; Revision Name                      ; uart_top                                       ;
; Top-level Entity Name              ; uart_top                                       ;
; Family                             ; MAX 10                                         ;
; Total logic elements               ; 124                                            ;
;     Total combinational functions  ; 124                                            ;
;     Dedicated logic registers      ; 71                                             ;
; Total registers                    ; 71                                             ;
; Total pins                         ; 27                                             ;
; Total virtual pins                 ; 0                                              ;
; Total memory bits                  ; 0                                              ;
; Embedded Multiplier 9-bit elements ; 0                                              ;
; Total PLLs                         ; 0                                              ;
; UFM blocks                         ; 0                                              ;
; ADC blocks                         ; 0                                              ;
+------------------------------------+------------------------------------------------+


+------------------------------------------------------------------------------------------------------------+
; Analysis & Synthesis Settings                                                                              ;
+------------------------------------------------------------------+--------------------+--------------------+
; Option                                                           ; Setting            ; Default Value      ;
+------------------------------------------------------------------+--------------------+--------------------+
; Device                                                           ; 10M08DAF484C8G     ;                    ;
; Top-level entity name                                            ; uart_top           ; uart_top           ;
; Family name                                                      ; MAX 10             ; Cyclone V          ;
; Use smart compilation                                            ; Off                ; Off                ;
; Enable parallel Assembler and Timing Analyzer during compilation ; On                 ; On                 ;
; Enable compact report table                                      ; Off                ; Off                ;
; Restructure Multiplexers                                         ; Auto               ; Auto               ;
; Create Debugging Nodes for IP Cores                              ; Off                ; Off                ;
; Preserve fewer node names                                        ; On                 ; On                 ;
; Intel FPGA IP Evaluation Mode                                    ; Enable             ; Enable             ;
; Verilog Version                                                  ; Verilog_2001       ; Verilog_2001       ;
; VHDL Version                                                     ; VHDL_1993          ; VHDL_1993          ;
; State Machine Processing                                         ; Auto               ; Auto               ;
; Safe State Machine                                               ; Off                ; Off                ;
; Extract Verilog State Machines                                   ; On                 ; On                 ;
; Extract VHDL State Machines                                      ; On                 ; On                 ;
; Ignore Verilog initial constructs                                ; Off                ; Off                ;
; Iteration limit for constant Verilog loops                       ; 5000               ; 5000               ;
; Iteration limit for non-constant Verilog loops                   ; 250                ; 250                ;
; Add Pass-Through Logic to Inferred RAMs                          ; On                 ; On                 ;
; Infer RAMs from Raw Logic                                        ; On                 ; On                 ;
; Parallel Synthesis                                               ; On                 ; On                 ;
; DSP Block Balancing                                              ; Auto               ; Auto               ;
; NOT Gate Push-Back                                               ; On                 ; On                 ;
; Power-Up Don't Care                                              ; On                 ; On                 ;
; Remove Redundant Logic Cells                                     ; Off                ; Off                ;
; Remove Duplicate Registers                                       ; On                 ; On                 ;
; Ignore CARRY Buffers                                             ; Off                ; Off                ;
; Ignore CASCADE Buffers                                           ; Off                ; Off                ;
; Ignore GLOBAL Buffers                                            ; Off                ; Off                ;
; Ignore ROW GLOBAL Buffers                                        ; Off                ; Off                ;
; Ignore LCELL Buffers                                             ; Off                ; Off                ;
; Ignore SOFT Buffers                                              ; On                 ; On                 ;
; Limit AHDL Integers to 32 Bits                                   ; Off                ; Off                ;
; Optimization Technique                                           ; Balanced           ; Balanced           ;
; Carry Chain Length                                               ; 70                 ; 70                 ;
; Auto Carry Chains                                                ; On                 ; On                 ;
; Auto Open-Drain Pins                                             ; On                 ; On                 ;
; Perform WYSIWYG Primitive Resynthesis                            ; Off                ; Off                ;
; Auto ROM Replacement                                             ; On                 ; On                 ;
; Auto RAM Replacement                                             ; On                 ; On                 ;
; Auto DSP Block Replacement                                       ; On                 ; On                 ;
; Auto Shift Register Replacement                                  ; Auto               ; Auto               ;
; Allow Shift Register Merging across Hierarchies                  ; Auto               ; Auto               ;
; Auto Clock Enable Replacement                                    ; On                 ; On                 ;
; Strict RAM Replacement                                           ; Off                ; Off                ;
; Allow Synchronous Control Signals                                ; On                 ; On                 ;
; Force Use of Synchronous Clear Signals                           ; Off                ; Off                ;
; Auto RAM Block Balancing                                         ; On                 ; On                 ;
; Auto RAM to Logic Cell Conversion                                ; Off                ; Off                ;
; Auto Resource Sharing                                            ; Off                ; Off                ;
; Allow Any RAM Size For Recognition                               ; Off                ; Off                ;
; Allow Any ROM Size For Recognition                               ; Off                ; Off                ;
; Allow Any Shift Register Size For Recognition                    ; Off                ; Off                ;
; Use LogicLock Constraints during Resource Balancing              ; On                 ; On                 ;
; Ignore translate_off and synthesis_off directives                ; Off                ; Off                ;
; Timing-Driven Synthesis                                          ; On                 ; On                 ;
; Report Parameter Settings                                        ; On                 ; On                 ;
; Report Source Assignments                                        ; On                 ; On                 ;
; Report Connectivity Checks                                       ; On                 ; On                 ;
; Ignore Maximum Fan-Out Assignments                               ; Off                ; Off                ;
; Synchronization Register Chain Length                            ; 2                  ; 2                  ;
; Power Optimization During Synthesis                              ; Normal compilation ; Normal compilation ;
; HDL message level                                                ; Level2             ; Level2             ;
; Suppress Register Optimization Related Messages                  ; Off                ; Off                ;
; Number of Removed Registers Reported in Synthesis Report         ; 5000               ; 5000               ;
; Number of Swept Nodes Reported in Synthesis Report               ; 5000               ; 5000               ;
; Number of Inverted Registers Reported in Synthesis Report        ; 100                ; 100                ;
; Clock MUX Protection                                             ; On                 ; On                 ;
; Auto Gated Clock Conversion                                      ; Off                ; Off                ;
; Block Design Naming                                              ; Auto               ; Auto               ;
; SDC constraint protection                                        ; Off                ; Off                ;
; Synthesis Effort                                                 ; Auto               ; Auto               ;
; Shift Register Replacement - Allow Asynchronous Clear Signal     ; On                 ; On                 ;
; Pre-Mapping Resynthesis Optimization                             ; Off                ; Off                ;
; Analysis & Synthesis Message Level                               ; Medium             ; Medium             ;
; Disable Register Merging Across Hierarchies                      ; Auto               ; Auto               ;
; Resource Aware Inference For Block RAM                           ; On                 ; On                 ;
+------------------------------------------------------------------+--------------------+--------------------+


+------------------------------------------+
; Parallel Compilation                     ;
+----------------------------+-------------+
; Processors                 ; Number      ;
+----------------------------+-------------+
; Number detected on machine ; 4           ;
; Maximum allowed            ; 2           ;
;                            ;             ;
; Average used               ; 1.00        ;
; Maximum used               ; 2           ;
;                            ;             ;
; Usage by Processor         ; % Time Used ;
;     Processor 1            ; 100.0%      ;
;     Processor 2            ;   0.0%      ;
+----------------------------+-------------+


+-------------------------------------------------------------------------------------------------------------------------------------------+
; Analysis & Synthesis Source Files Read                                                                                                    ;
+----------------------------------+-----------------+------------------------------+---------------------------------------------+---------+
; File Name with User-Entered Path ; Used in Netlist ; File Type                    ; File Name with Absolute Path                ; Library ;
+----------------------------------+-----------------+------------------------------+---------------------------------------------+---------+
; uart_top.sv                      ; yes             ; User SystemVerilog HDL File  ; E:/Course/Projects/UART/Quartus/uart_top.sv ;         ;
; uart_tx.sv                       ; yes             ; User SystemVerilog HDL File  ; E:/Course/Projects/UART/Quartus/uart_tx.sv  ;         ;
; uart_rx.sv                       ; yes             ; User SystemVerilog HDL File  ; E:/Course/Projects/UART/Quartus/uart_rx.sv  ;         ;
; baud_gen.sv                      ; yes             ; User SystemVerilog HDL File  ; E:/Course/Projects/UART/Quartus/baud_gen.sv ;         ;
+----------------------------------+-----------------+------------------------------+---------------------------------------------+---------+


+---------------------------------------------------------+
; Analysis & Synthesis Resource Usage Summary             ;
+---------------------------------------------+-----------+
; Resource                                    ; Usage     ;
+---------------------------------------------+-----------+
; Estimated Total logic elements              ; 124       ;
;                                             ;           ;
; Total combinational functions               ; 124       ;
; Logic element usage by number of LUT inputs ;           ;
;     -- 4 input functions                    ; 59        ;
;     -- 3 input functions                    ; 23        ;
;     -- <=2 input functions                  ; 42        ;
;                                             ;           ;
; Logic elements by mode                      ;           ;
;     -- normal mode                          ; 108       ;
;     -- arithmetic mode                      ; 16        ;
;                                             ;           ;
; Total registers                             ; 71        ;
;     -- Dedicated logic registers            ; 71        ;
;     -- I/O registers                        ; 0         ;
;                                             ;           ;
; I/O pins                                    ; 27        ;
;                                             ;           ;
; Embedded Multiplier 9-bit elements          ; 0         ;
;                                             ;           ;
; Maximum fan-out node                        ; clk~input ;
; Maximum fan-out                             ; 71        ;
; Total fan-out                               ; 640       ;
; Average fan-out                             ; 2.57      ;
+---------------------------------------------+-----------+


+---------------------------------------------------------------------------------------------------------------------------------------------------------------------------------------------------------------------------------------------------------+
; Analysis & Synthesis Resource Utilization by Entity                                                                                                                                                                                                     ;
+-------------------------------+---------------------+---------------------------+-------------+------------+--------------+---------+-----------+------+--------------+------------+------------------------------------+----------------+--------------+
; Compilation Hierarchy Node    ; Combinational ALUTs ; Dedicated Logic Registers ; Memory Bits ; UFM Blocks ; DSP Elements ; DSP 9x9 ; DSP 18x18 ; Pins ; Virtual Pins ; ADC blocks ; Full Hierarchy Name                ; Entity Name    ; Library Name ;
+-------------------------------+---------------------+---------------------------+-------------+------------+--------------+---------+-----------+------+--------------+------------+------------------------------------+----------------+--------------+
; |uart_top                     ; 124 (0)             ; 71 (0)                    ; 0           ; 0          ; 0            ; 0       ; 0         ; 27   ; 0            ; 0          ; |uart_top                          ; uart_top       ; work         ;
;    |baud_generator:baud_inst| ; 28 (28)             ; 20 (20)                   ; 0           ; 0          ; 0            ; 0       ; 0         ; 0    ; 0            ; 0          ; |uart_top|baud_generator:baud_inst ; baud_generator ; work         ;
;    |uart_rx:rx_inst|          ; 59 (59)             ; 31 (31)                   ; 0           ; 0          ; 0            ; 0       ; 0         ; 0    ; 0            ; 0          ; |uart_top|uart_rx:rx_inst          ; uart_rx        ; work         ;
;    |uart_tx:tx_inst|          ; 37 (37)             ; 20 (20)                   ; 0           ; 0          ; 0            ; 0       ; 0         ; 0    ; 0            ; 0          ; |uart_top|uart_tx:tx_inst          ; uart_tx        ; work         ;
+-------------------------------+---------------------+---------------------------+-------------+------------+--------------+---------+-----------+------+--------------+------------+------------------------------------+----------------+--------------+
Note: For table entries with two numbers listed, the numbers in parentheses indicate the number of resources of the given type used by the specific entity alone. The numbers listed outside of parentheses indicate the total resources of the given type used by the specific entity and all of its sub-entities in the hierarchy.


Encoding Type:  One-Hot
+----------------------------------------------------------------+
; State Machine - |uart_top|uart_rx:rx_inst|CS                   ;
+-----------+-----------+---------+----------+---------+---------+
; Name      ; CS.PARITY ; CS.DATA ; CS.START ; CS.IDLE ; CS.STOP ;
+-----------+-----------+---------+----------+---------+---------+
; CS.IDLE   ; 0         ; 0       ; 0        ; 0       ; 0       ;
; CS.START  ; 0         ; 0       ; 1        ; 1       ; 0       ;
; CS.DATA   ; 0         ; 1       ; 0        ; 1       ; 0       ;
; CS.PARITY ; 1         ; 0       ; 0        ; 1       ; 0       ;
; CS.STOP   ; 0         ; 0       ; 0        ; 1       ; 1       ;
+-----------+-----------+---------+----------+---------+---------+


Encoding Type:  One-Hot
+----------------------------------------------------------------+
; State Machine - |uart_top|uart_tx:tx_inst|CS                   ;
+-----------+-----------+---------+----------+---------+---------+
; Name      ; CS.PARITY ; CS.DATA ; CS.START ; CS.IDLE ; CS.STOP ;
+-----------+-----------+---------+----------+---------+---------+
; CS.IDLE   ; 0         ; 0       ; 0        ; 0       ; 0       ;
; CS.START  ; 0         ; 0       ; 1        ; 1       ; 0       ;
; CS.DATA   ; 0         ; 1       ; 0        ; 1       ; 0       ;
; CS.PARITY ; 1         ; 0       ; 0        ; 1       ; 0       ;
; CS.STOP   ; 0         ; 0       ; 0        ; 1       ; 1       ;
+-----------+-----------+---------+----------+---------+---------+


+------------------------------------------------------------+
; Registers Removed During Synthesis                         ;
+---------------------------------------+--------------------+
; Register name                         ; Reason for Removal ;
+---------------------------------------+--------------------+
; uart_rx:rx_inst|CS~7                  ; Lost fanout        ;
; uart_rx:rx_inst|CS~8                  ; Lost fanout        ;
; uart_tx:tx_inst|CS~6                  ; Lost fanout        ;
; uart_tx:tx_inst|CS~7                  ; Lost fanout        ;
; Total Number of Removed Registers = 4 ;                    ;
+---------------------------------------+--------------------+


+------------------------------------------------------+
; General Register Statistics                          ;
+----------------------------------------------+-------+
; Statistic                                    ; Value ;
+----------------------------------------------+-------+
; Total registers                              ; 71    ;
; Number of registers using Synchronous Clear  ; 38    ;
; Number of registers using Synchronous Load   ; 1     ;
; Number of registers using Asynchronous Clear ; 0     ;
; Number of registers using Asynchronous Load  ; 0     ;
; Number of registers using Clock Enable       ; 30    ;
; Number of registers using Preset             ; 0     ;
+----------------------------------------------+-------+


+-------------------------------------------------------------------------------------------------------------------------------------------------------------------+
; Multiplexer Restructuring Statistics (Restructuring Performed)                                                                                                    ;
+--------------------+-----------+---------------+----------------------+------------------------+------------+-----------------------------------------------------+
; Multiplexer Inputs ; Bus Width ; Baseline Area ; Area if Restructured ; Saving if Restructured ; Registered ; Example Multiplexer Output                          ;
+--------------------+-----------+---------------+----------------------+------------------------+------------+-----------------------------------------------------+
; 3:1                ; 2 bits    ; 4 LEs         ; 2 LEs                ; 2 LEs                  ; Yes        ; |uart_top|uart_rx:rx_inst|parity_error              ;
; 3:1                ; 8 bits    ; 16 LEs        ; 8 LEs                ; 8 LEs                  ; Yes        ; |uart_top|uart_rx:rx_inst|data_out[1]               ;
; 3:1                ; 11 bits   ; 22 LEs        ; 11 LEs               ; 11 LEs                 ; Yes        ; |uart_top|baud_generator:baud_inst|baud_count[5]    ;
; 3:1                ; 7 bits    ; 14 LEs        ; 7 LEs                ; 7 LEs                  ; Yes        ; |uart_top|baud_generator:baud_inst|tick16x_count[6] ;
; 3:1                ; 9 bits    ; 18 LEs        ; 9 LEs                ; 9 LEs                  ; Yes        ; |uart_top|uart_tx:tx_inst|data_reg[7]               ;
; 7:1                ; 3 bits    ; 12 LEs        ; 3 LEs                ; 9 LEs                  ; Yes        ; |uart_top|uart_tx:tx_inst|bit_count[2]              ;
; 7:1                ; 3 bits    ; 12 LEs        ; 3 LEs                ; 9 LEs                  ; Yes        ; |uart_top|uart_rx:rx_inst|bit_count[2]              ;
; 9:1                ; 4 bits    ; 24 LEs        ; 4 LEs                ; 20 LEs                 ; Yes        ; |uart_top|uart_rx:rx_inst|sample_count[3]           ;
; 3:1                ; 2 bits    ; 4 LEs         ; 4 LEs                ; 0 LEs                  ; No         ; |uart_top|uart_tx:tx_inst|CS                        ;
; 10:1               ; 2 bits    ; 12 LEs        ; 6 LEs                ; 6 LEs                  ; No         ; |uart_top|uart_rx:rx_inst|CS                        ;
+--------------------+-----------+---------------+----------------------+------------------------+------------+-----------------------------------------------------+


+--------------------------------------------------------------------------+
; Parameter Settings for User Entity Instance: Top-level Entity: |uart_top ;
+----------------+----------+----------------------------------------------+
; Parameter Name ; Value    ; Type                                         ;
+----------------+----------+----------------------------------------------+
; SYS_FREQ       ; 10000000 ; Signed Integer                               ;
; BAUD_RATE      ; 9600     ; Signed Integer                               ;
; DATABITS       ; 8        ; Signed Integer                               ;
; PARITY_EN      ; 1        ; Signed Integer                               ;
; PARITY_TYPE    ; 0        ; Signed Integer                               ;
+----------------+----------+----------------------------------------------+
Note: In order to hide this table in the UI and the text report file, please set the "Show Parameter Settings in Synthesis Report" option in "Analysis and Synthesis Settings -> More Settings" to "Off".


+-----------------------------------------------------------------------+
; Parameter Settings for User Entity Instance: baud_generator:baud_inst ;
+----------------+----------+-------------------------------------------+
; Parameter Name ; Value    ; Type                                      ;
+----------------+----------+-------------------------------------------+
; SYS_FREQ       ; 10000000 ; Signed Integer                            ;
; BAUD_RATE      ; 9600     ; Signed Integer                            ;
+----------------+----------+-------------------------------------------+
Note: In order to hide this table in the UI and the text report file, please set the "Show Parameter Settings in Synthesis Report" option in "Analysis and Synthesis Settings -> More Settings" to "Off".


+--------------------------------------------------------------+
; Parameter Settings for User Entity Instance: uart_tx:tx_inst ;
+----------------+-------+-------------------------------------+
; Parameter Name ; Value ; Type                                ;
+----------------+-------+-------------------------------------+
; DATABITS       ; 8     ; Signed Integer                      ;
; PARITY_EN      ; 1     ; Signed Integer                      ;
; PARITY_TYPE    ; 0     ; Signed Integer                      ;
+----------------+-------+-------------------------------------+
Note: In order to hide this table in the UI and the text report file, please set the "Show Parameter Settings in Synthesis Report" option in "Analysis and Synthesis Settings -> More Settings" to "Off".


+--------------------------------------------------------------+
; Parameter Settings for User Entity Instance: uart_rx:rx_inst ;
+----------------+-------+-------------------------------------+
; Parameter Name ; Value ; Type                                ;
+----------------+-------+-------------------------------------+
; DATABITS       ; 8     ; Signed Integer                      ;
; PARITY_EN      ; 1     ; Signed Integer                      ;
; PARITY_TYPE    ; 0     ; Signed Integer                      ;
+----------------+-------+-------------------------------------+
Note: In order to hide this table in the UI and the text report file, please set the "Show Parameter Settings in Synthesis Report" option in "Analysis and Synthesis Settings -> More Settings" to "Off".


+-----------------------------------------------------+
; Post-Synthesis Netlist Statistics for Top Partition ;
+-----------------------+-----------------------------+
; Type                  ; Count                       ;
+-----------------------+-----------------------------+
; boundary_port         ; 27                          ;
; cycloneiii_ff         ; 71                          ;
;     ENA               ; 26                          ;
;     ENA SCLR          ; 4                           ;
;     SCLR              ; 34                          ;
;     SLD               ; 1                           ;
;     plain             ; 6                           ;
; cycloneiii_lcell_comb ; 124                         ;
;     arith             ; 16                          ;
;         2 data inputs ; 16                          ;
;     normal            ; 108                         ;
;         1 data inputs ; 2                           ;
;         2 data inputs ; 24                          ;
;         3 data inputs ; 23                          ;
;         4 data inputs ; 59                          ;
;                       ;                             ;
; Max LUT depth         ; 4.00                        ;
; Average LUT depth     ; 2.36                        ;
+-----------------------+-----------------------------+


+-------------------------------+
; Elapsed Time Per Partition    ;
+----------------+--------------+
; Partition Name ; Elapsed Time ;
+----------------+--------------+
; Top            ; 00:00:00     ;
+----------------+--------------+


+-------------------------------+
; Analysis & Synthesis Messages ;
+-------------------------------+
Info: *******************************************************************
Info: Running Quartus Prime Analysis & Synthesis
    Info: Version 23.1std.1 Build 993 05/14/2024 SC Lite Edition
    Info: Processing started: Sat Jul 19 21:30:00 2025
Info: Command: quartus_map --read_settings_files=on --write_settings_files=off uart_top -c uart_top
Warning (18236): Number of processors has not been specified which may cause overloading on shared machines.  Set the global assignment NUM_PARALLEL_PROCESSORS in your QSF to an appropriate value for best performance.
Info (20030): Parallel compilation is enabled and will use 2 of the 2 processors detected
Info (12021): Found 1 design units, including 1 entities, in source file uart_top.sv
    Info (12023): Found entity 1: uart_top File: E:/Course/Projects/UART/Quartus/uart_top.sv Line: 1
Info (12021): Found 1 design units, including 1 entities, in source file uart_tx.sv
    Info (12023): Found entity 1: uart_tx File: E:/Course/Projects/UART/Quartus/uart_tx.sv Line: 1
Info (12021): Found 1 design units, including 1 entities, in source file uart_rx.sv
    Info (12023): Found entity 1: uart_rx File: E:/Course/Projects/UART/Quartus/uart_rx.sv Line: 1
Info (12021): Found 1 design units, including 1 entities, in source file baud_gen.sv
    Info (12023): Found entity 1: baud_generator File: E:/Course/Projects/UART/Quartus/baud_gen.sv Line: 1
Info (12127): Elaborating entity "uart_top" for the top level hierarchy
Info (12128): Elaborating entity "baud_generator" for hierarchy "baud_generator:baud_inst" File: E:/Course/Projects/UART/Quartus/uart_top.sv Line: 35
Warning (10230): Verilog HDL assignment warning at baud_gen.sv(36): truncated value with size 32 to match size of target (11) File: E:/Course/Projects/UART/Quartus/baud_gen.sv Line: 36
Warning (10230): Verilog HDL assignment warning at baud_gen.sv(46): truncated value with size 32 to match size of target (7) File: E:/Course/Projects/UART/Quartus/baud_gen.sv Line: 46
Info (12128): Elaborating entity "uart_tx" for hierarchy "uart_tx:tx_inst" File: E:/Course/Projects/UART/Quartus/uart_top.sv Line: 50
Warning (10230): Verilog HDL assignment warning at uart_tx.sv(81): truncated value with size 32 to match size of target (3) File: E:/Course/Projects/UART/Quartus/uart_tx.sv Line: 81
Info (12128): Elaborating entity "uart_rx" for hierarchy "uart_rx:rx_inst" File: E:/Course/Projects/UART/Quartus/uart_top.sv Line: 66
Warning (10230): Verilog HDL assignment warning at uart_rx.sv(62): truncated value with size 32 to match size of target (4) File: E:/Course/Projects/UART/Quartus/uart_rx.sv Line: 62
Warning (10230): Verilog HDL assignment warning at uart_rx.sv(76): truncated value with size 32 to match size of target (4) File: E:/Course/Projects/UART/Quartus/uart_rx.sv Line: 76
Warning (10230): Verilog HDL assignment warning at uart_rx.sv(87): truncated value with size 32 to match size of target (3) File: E:/Course/Projects/UART/Quartus/uart_rx.sv Line: 87
Warning (10230): Verilog HDL assignment warning at uart_rx.sv(93): truncated value with size 32 to match size of target (4) File: E:/Course/Projects/UART/Quartus/uart_rx.sv Line: 93
Warning (10230): Verilog HDL assignment warning at uart_rx.sv(102): truncated value with size 32 to match size of target (4) File: E:/Course/Projects/UART/Quartus/uart_rx.sv Line: 102
Info (286030): Timing-Driven Synthesis is running
Info (17049): 4 registers lost all their fanouts during netlist optimizations.
Info (16010): Generating hard_block partition "hard_block:auto_generated_inst"
    Info (16011): Adding 0 node(s), including 0 DDIO, 0 PLL, 0 transceiver and 0 LCELL
Info (21057): Implemented 151 device resources after synthesis - the final resource count might be different
    Info (21058): Implemented 12 input pins
    Info (21059): Implemented 15 output pins
    Info (21061): Implemented 124 logic cells
Info: Quartus Prime Analysis & Synthesis was successful. 0 errors, 9 warnings
    Info: Peak virtual memory: 4734 megabytes
    Info: Processing ended: Sat Jul 19 21:30:15 2025
    Info: Elapsed time: 00:00:15
    Info: Total CPU time (on all processors): 00:00:33


